<?xml version="1.0" encoding="UTF-8"?>
<!-- Generated by org.testng.reporters.JUnitXMLReporter -->
<testsuite ignored="0" hostname="LAPTOP-CK13R8ST" failures="2" tests="4" name="ChromeTest" time="9.682" errors="0" timestamp="2023-02-15T16:58:39 IST">
  <testcase classname="FacebookProjectTests.TestNGVerifyLoginFunctionality" name="test1" time="0.019">
    <failure type="java.lang.NoClassDefFoundError" message="org/apache/logging/log4j/LogManager">
      <![CDATA[java.lang.NoClassDefFoundError: org/apache/logging/log4j/LogManager
at org.apache.poi.util.IOUtils.<clinit>(IOUtils.java:43)
at org.apache.poi.poifs.filesystem.FileMagic.valueOf(FileMagic.java:209)
at org.apache.poi.ss.usermodel.WorkbookFactory.create(WorkbookFactory.java:222)
at org.apache.poi.ss.usermodel.WorkbookFactory.create(WorkbookFactory.java:185)
at utils.Utility.getDataFromExcelSheet(Utility.java:41)
at FacebookProjectTests.TestNGVerifyLoginFunctionality.test1(TestNGVerifyLoginFunctionality.java:72)
at java.base/java.util.ArrayList.forEach(ArrayList.java:1511)
at java.base/java.util.concurrent.FutureTask.run(FutureTask.java:264)
at java.base/java.util.concurrent.ThreadPoolExecutor.runWorker(ThreadPoolExecutor.java:1136)
at java.base/java.util.concurrent.ThreadPoolExecutor$Worker.run(ThreadPoolExecutor.java:635)
at java.base/java.lang.Thread.run(Thread.java:833)
Caused by: java.lang.ClassNotFoundException: org.apache.logging.log4j.LogManager
at java.base/jdk.internal.loader.BuiltinClassLoader.loadClass(BuiltinClassLoader.java:641)
at java.base/jdk.internal.loader.ClassLoaders$AppClassLoader.loadClass(ClassLoaders.java:188)
at java.base/java.lang.ClassLoader.loadClass(ClassLoader.java:520)
... 29 more
... Removed 18 stack frames]]>
    </failure>
  </testcase> <!-- test1 -->
  <testcase classname="FacebookProjectTests.TestNGVerifySignUpForm" name="verifyPrivacyPolicyLinkOnSignUpFORM" time="1.713"/>
  <testcase classname="FacebookProjectTests.TestNGVerifySignUpForm" name="verifySignUpFORM" time="0.009">
    <failure type="java.lang.NoClassDefFoundError" message="Could not initialize class org.apache.poi.util.IOUtils">
      <![CDATA[java.lang.NoClassDefFoundError: Could not initialize class org.apache.poi.util.IOUtils
at org.apache.poi.poifs.filesystem.FileMagic.valueOf(FileMagic.java:209)
at org.apache.poi.ss.usermodel.WorkbookFactory.create(WorkbookFactory.java:222)
at org.apache.poi.ss.usermodel.WorkbookFactory.create(WorkbookFactory.java:185)
at utils.Utility.getDataFromExcelSheet(Utility.java:41)
at FacebookProjectTests.TestNGVerifySignUpForm.verifySignUpFORM(TestNGVerifySignUpForm.java:115)
at java.base/java.util.ArrayList.forEach(ArrayList.java:1511)
at java.base/java.util.concurrent.FutureTask.run(FutureTask.java:264)
at java.base/java.util.concurrent.ThreadPoolExecutor.runWorker(ThreadPoolExecutor.java:1136)
at java.base/java.util.concurrent.ThreadPoolExecutor$Worker.run(ThreadPoolExecutor.java:635)
at java.base/java.lang.Thread.run(Thread.java:833)
... Removed 18 stack frames]]>
    </failure>
  </testcase> <!-- verifySignUpFORM -->
  <testcase classname="FacebookProjectTests.TestNGVerifySignUpForm" name="verifyTermsLinkOnSignUpFORM" time="0.703"/>
</testsuite> <!-- ChromeTest -->
